<?xml version="1.0" encoding="UTF-8"?>
<testsuite name="com.utility.bdd.RunCukesTest" time="7.656" tests="52" errors="2" skipped="2" failures="0">
  <properties>
    <property name="java.runtime.name" value="Java(TM) SE Runtime Environment"/>
    <property name="sun.boot.library.path" value="C:\Program Files\Java\jdk1.8.0_72\jre\bin"/>
    <property name="java.vm.version" value="25.72-b15"/>
    <property name="java.vm.vendor" value="Oracle Corporation"/>
    <property name="maven.multiModuleProjectDirectory" value="C:\Users\MMahran\eclipse\java-mars\eclipse\WorkSpace\CompressionProject"/>
    <property name="java.vendor.url" value="http://java.oracle.com/"/>
    <property name="path.separator" value=";"/>
    <property name="guice.disable.misplaced.annotation.check" value="true"/>
    <property name="java.vm.name" value="Java HotSpot(TM) 64-Bit Server VM"/>
    <property name="file.encoding.pkg" value="sun.io"/>
    <property name="user.script" value=""/>
    <property name="user.country" value="US"/>
    <property name="sun.java.launcher" value="SUN_STANDARD"/>
    <property name="sun.os.patch.level" value="Service Pack 1"/>
    <property name="java.vm.specification.name" value="Java Virtual Machine Specification"/>
    <property name="user.dir" value="C:\Users\MMahran\eclipse\java-mars\eclipse\WorkSpace\CompressionProject"/>
    <property name="java.runtime.version" value="1.8.0_72-b15"/>
    <property name="java.awt.graphicsenv" value="sun.awt.Win32GraphicsEnvironment"/>
    <property name="java.endorsed.dirs" value="C:\Program Files\Java\jdk1.8.0_72\jre\lib\endorsed"/>
    <property name="os.arch" value="amd64"/>
    <property name="java.io.tmpdir" value="C:\Users\MMahran\AppData\Local\Temp\"/>
    <property name="line.separator" value="&#10;"/>
    <property name="java.vm.specification.vendor" value="Oracle Corporation"/>
    <property name="user.variant" value=""/>
    <property name="os.name" value="Windows 7"/>
    <property name="classworlds.conf" value="C:\Users\MMahran\eclipse\java-mars\eclipse\WorkSpace\.metadata\.plugins\org.eclipse.m2e.launching\launches\m2conf496822838276673255.tmp"/>
    <property name="sun.jnu.encoding" value="Cp1252"/>
    <property name="java.library.path" value="C:\Program Files\Java\jdk1.8.0_72\bin;C:\Windows\Sun\Java\bin;C:\Windows\system32;C:\Windows;C:/Program Files/java/jdk1.8.0_72/bin/../jre/bin/server;C:/Program Files/java/jdk1.8.0_72/bin/../jre/bin;C:/Program Files/java/jdk1.8.0_72/bin/../jre/lib/amd64;C:\Program Files (x86)\HP\NV\lib\shunra\vcat;C:\Program Files (x86)\Python35-32\Scripts\;C:\Program Files (x86)\Python35-32\;C:\Program Files\Common Files\Microsoft Shared\Windows Live;C:\Program Files (x86)\Common Files\Microsoft Shared\Windows Live;C:\ProgramData\Oracle\Java\javapath;C:\Windows\system32;C:\Windows;C:\Windows\System32\Wbem;C:\Windows\System32\WindowsPowerShell\v1.0\;C:\Program Files (x86)\Microsoft SQL Server\100\Tools\Binn\;C:\Program Files\Microsoft SQL Server\100\Tools\Binn\;C:\Program Files\Microsoft SQL Server\100\DTS\Binn\;C:\Program Files (x86)\Microsoft SQL Server\100\Tools\Binn\VSShell\Common7\IDE\;;C:\RailsInstaller\Ruby2.2.0\bin;C:\Program Files (x86)\Microsoft Visual Studio 9.0\Common7\IDE\PrivateAssemblies\;C:\Program Files (x86)\Microsoft SQL Server\100\DTS\Binn\;C:\Program Files (x86)\Windows Kits\8.1\Windows Performance Toolkit\;C:\Program Files\Microsoft SQL Server\110\Tools\Binn\;D:\Selenium webDriver JS\node_modules\chromedriver\lib\chromedriver;C:\Users\MMahran\AppData\Local\Programs\Python\Python35-32\Lib\;C:\Users\MMahran\AppData\Local\Android\sdk\tools;C:\Users\MMahran\AppData\Local\Android\sdk\platform-tools;C:\Program Files (x86)\Windows Live\Shared;C:\Program Files\nodejs\;D:\ChromeWebDriver\chromedriver.exe;C:\Program Files (x86)\HP\LoadRunner\strawberry-perl\perl\bin;C:\Program Files (x86)\HP\NV\lib\thirdparty\safenet\LDK\7.0;C:\Program Files (x86)\HP\NV\lib\shunra\snv;C:\Program Files\TortoiseGit\bin;%CATALINA_HOME%\bin\startup.bat;C:\Windows\system32\config\systemprofile\.dnx\bin;C:\Program Files\Microsoft DNX\Dnvm\;C:\Program Files\Microsoft SQL Server\120\Tools\Binn\;C:\Program Files\Microsoft SQL Server\130\Tools\Binn\;C:\Program Files (x86)\Microsoft SDKs\TypeScript\1.0\;C:\Program Files (x86)\Skype\Phone\;C:\RailsInstaller\Git\cmd;C:\RailsInstaller\Ruby2.2.0\bin;C:\Users\MMahran\AppData\Local\Programs\Python\Python35-32\Scripts\;C:\Users\MMahran\AppData\Local\Programs\Python\Python35-32\;C:\apache-maven-3.3.9\bin;C:\Program Files (x86)\Microsoft VS Code\bin;C:\Users\MMahran\AppData\Roaming\npm;C:\Windows\system32;;."/>
    <property name="java.specification.name" value="Java Platform API Specification"/>
    <property name="java.class.version" value="52.0"/>
    <property name="sun.management.compiler" value="HotSpot 64-Bit Tiered Compilers"/>
    <property name="os.version" value="6.1"/>
    <property name="user.home" value="C:\Users\MMahran"/>
    <property name="user.timezone" value="GMT+02:00"/>
    <property name="java.awt.printerjob" value="sun.awt.windows.WPrinterJob"/>
    <property name="java.specification.version" value="1.8"/>
    <property name="file.encoding" value="Cp1252"/>
    <property name="user.name" value="MMahran"/>
    <property name="java.class.path" value="/C:/Users/MMahran/eclipse/java-mars/eclipse/../../../.p2/pool/plugins/org.eclipse.m2e.maven.runtime_1.6.2.20150902-0001/jars/plexus-classworlds-2.5.2.jar"/>
    <property name="java.vm.specification.version" value="1.8"/>
    <property name="sun.arch.data.model" value="64"/>
    <property name="java.home" value="C:\Program Files\Java\jdk1.8.0_72\jre"/>
    <property name="sun.java.command" value="org.codehaus.plexus.classworlds.launcher.Launcher -B install"/>
    <property name="java.specification.vendor" value="Oracle Corporation"/>
    <property name="user.language" value="en"/>
    <property name="awt.toolkit" value="sun.awt.windows.WToolkit"/>
    <property name="java.vm.info" value="mixed mode"/>
    <property name="java.version" value="1.8.0_72"/>
    <property name="java.ext.dirs" value="C:\Program Files\Java\jdk1.8.0_72\jre\lib\ext;C:\Windows\Sun\Java\lib\ext"/>
    <property name="sun.boot.class.path" value="C:\Program Files\Java\jdk1.8.0_72\jre\lib\resources.jar;C:\Program Files\Java\jdk1.8.0_72\jre\lib\rt.jar;C:\Program Files\Java\jdk1.8.0_72\jre\lib\sunrsasign.jar;C:\Program Files\Java\jdk1.8.0_72\jre\lib\jsse.jar;C:\Program Files\Java\jdk1.8.0_72\jre\lib\jce.jar;C:\Program Files\Java\jdk1.8.0_72\jre\lib\charsets.jar;C:\Program Files\Java\jdk1.8.0_72\jre\lib\jfr.jar;C:\Program Files\Java\jdk1.8.0_72\jre\classes"/>
    <property name="java.vendor" value="Oracle Corporation"/>
    <property name="maven.home" value="C:\Users\MMahran\eclipse\java-mars\eclipse\WorkSpace\CompressionProject\EMBEDDED"/>
    <property name="file.separator" value="\"/>
    <property name="java.vendor.url.bug" value="http://bugreport.sun.com/bugreport/"/>
    <property name="sun.cpu.endian" value="little"/>
    <property name="sun.io.unicode.encoding" value="UnicodeLittle"/>
    <property name="sun.desktop" value="windows"/>
    <property name="sun.cpu.isalist" value="amd64"/>
  </properties>
  <testcase name="Given Customer is on Home Page" classname="Scenario: check that registration function will create account successfully" time="0.001"/>
  <testcase name="And he Press on Create Account Page" classname="Scenario: check that registration function will create account successfully" time="0"/>
  <testcase name="Then Create AccountPage has been opened" classname="Scenario: check that registration function will create account successfully" time="0"/>
  <testcase name="When he is Enter FirstName and LastName and  E-mail Address an Password and Confirmation Password" classname="Scenario: check that registration function will create account successfully" time="0"/>
  <testcase name="And Press on Submit button" classname="Scenario: check that registration function will create account successfully" time="0"/>
  <testcase name="Then System will register account successfully" classname="Scenario: check that registration function will create account successfully" time="0"/>
  <testcase name="And Welcome Message will be displayed" classname="Scenario: check that registration function will create account successfully" time="0"/>
  <testcase name="Scenario: check that registration function will create account successfully" classname="Scenario: check that registration function will create account successfully" time="2.142"/>
  <testcase name="Given Customer is on Home Page" classname="Scenario: check that first name is mandatory" time="0"/>
  <testcase name="Given Customer is on Home Page" classname="Scenario: check that first name is mandatory" time="0.001"/>
  <testcase name="And he Press on Create Account Page" classname="Scenario: check that first name is mandatory" time="0.001"/>
  <testcase name="And he Press on Create Account Page" classname="Scenario: check that first name is mandatory" time="0"/>
  <testcase name="Then Create AccountPage has been opened" classname="Scenario: check that first name is mandatory" time="0"/>
  <testcase name="Then Create AccountPage has been opened" classname="Scenario: check that first name is mandatory" time="0.001"/>
  <testcase name="When he leaved first name field empty" classname="Scenario: check that first name is mandatory" time="0"/>
  <testcase name="And filled all other remaining field with vaild credentials" classname="Scenario: check that first name is mandatory" time="0"/>
  <testcase name="And Press on Submit button" classname="Scenario: check that first name is mandatory" time="0"/>
  <testcase name="And Press on Submit button" classname="Scenario: check that first name is mandatory" time="0"/>
  <testcase name="Then System will return error message &quot;This is a required Message&quot;" classname="Scenario: check that first name is mandatory" time="0"/>
  <testcase name="Scenario: check that first name is mandatory" classname="Scenario: check that first name is mandatory" time="1.177"/>
  <testcase name="Scenario: check that first name is mandatory" classname="Scenario: check that first name is mandatory" time="1.009"/>
  <testcase name="When he was leaved last name and email address  field empty" classname="Scenario: check that first name is mandatory" time="0"/>
  <testcase name="And filled all other remaining field" classname="Scenario: check that first name is mandatory" time="0"/>
  <testcase name="Then System will return error message" classname="Scenario: check that first name is mandatory" time="0"/>
  <testcase name="Given Customer is on Home Page" classname="Scenario: check logo weather displayed or not" time="0"/>
  <testcase name="Then Logo will be displayed" classname="Scenario: check logo weather displayed or not" time="0"/>
  <testcase name="Then image into banner equal three" classname="Scenario: check logo weather displayed or not" time="0"/>
  <testcase name="When User Press on the right Arrow on the Slider" classname="Scenario: check logo weather displayed or not" time="0"/>
  <testcase name="Then the Slider will  move to next slide" classname="Scenario: check logo weather displayed or not" time="0"/>
  <testcase name="When User Press on the left arrow on the slider" classname="Scenario: check logo weather displayed or not" time="0"/>
  <testcase name="Then the Slider will  move back to Previous slide" classname="Scenario: check logo weather displayed or not" time="0"/>
  <testcase name="Scenario: check logo weather displayed or not" classname="Scenario: check logo weather displayed or not" time="1.415"/>
  <testcase name="Given Customer is on Home Page" classname="Scenario: test Add To Cart" time="0"/>
  <testcase name="And the User Scroll down" classname="Scenario: test Add To Cart" time="0"/>
  <testcase name="Then he will see Featured Products" classname="Scenario: test Add To Cart" time="0"/>
  <testcase name="When he Press Add To Cart" classname="Scenario: test Add To Cart" time="0"/>
  <testcase name="Then product shop will be displayed" classname="Scenario: test Add To Cart" time="0"/>
  <testcase name="And the Price will be displayed" classname="Scenario: test Add To Cart" time="0"/>
  <testcase name="And Product Image will be displayed" classname="Scenario: test Add To Cart" time="0"/>
  <testcase name="Scenario: test Add To Cart" classname="Scenario: test Add To Cart" time="1.679"/>
  <testcase name="Given Customer is on Home Page" classname="| mohamed_sabry007@yahoo.com | 123@sta.com |" time="0"/>
  <testcase name="And Customer Press SignIn Link" classname="| mohamed_sabry007@yahoo.com | 123@sta.com |" time="0"/>
  <testcase name="And Customer enters &quot;mohamed_sabry007@yahoo.com&quot; and &quot;123@sta.com&quot;" classname="| mohamed_sabry007@yahoo.com | 123@sta.com |" time="0"/>
  <testcase name="Then Press SignIn" classname="| mohamed_sabry007@yahoo.com | 123@sta.com |" time="0"/>
  <testcase name="Then WelcomeMessage displayed Login Successfully" classname="| mohamed_sabry007@yahoo.com | 123@sta.com |" time="0"/>
  <testcase name="| mohamed_sabry007@yahoo.com | 123@sta.com |" classname="| mohamed_sabry007@yahoo.com | 123@sta.com |" time="1.172"/>
  <testcase name="Given Customer is on Home Page" classname="| mohamed_sabry007@yahoo.com | 123@Mta.com |" time="0"/>
  <testcase name="And Customer Press SignIn Link" classname="| mohamed_sabry007@yahoo.com | 123@Mta.com |" time="0"/>
  <testcase name="And Customer enters &quot;mohamed_sabry007@yahoo.com&quot; and &quot;123@Mta.com&quot;" classname="| mohamed_sabry007@yahoo.com | 123@Mta.com |" time="0.033">
    <error message="Expected [object Undefined] undefined to be a string&#10;Build info: version: &apos;3.0.1&apos;, revision: &apos;1969d75&apos;, time: &apos;2016-10-18 09:49:13 -0700&apos;&#10;System info: host: &apos;Egy-MMahran-NB&apos;, ip: &apos;192.168.1.10&apos;, os.name: &apos;Windows 7&apos;, os.arch: &apos;amd64&apos;, os.version: &apos;6.1&apos;, java.version: &apos;1.8.0_72&apos;&#10;Driver info: org.openqa.selenium.firefox.FirefoxDriver&#10;Capabilities [{moz:profile=C:\Users\MMahran\AppData\Local\Temp\rust_mozprofile.wivKxHIxnPLt, rotatable=false, timeouts={implicit=0, pageLoad=300000, script=30000}, pageLoadStrategy=normal, platform=ANY, specificationLevel=0, moz:accessibilityChecks=false, acceptInsecureCerts=false, browserVersion=53.0, platformVersion=6.1, moz:processID=7684, browserName=firefox, platformName=windows_nt}]&#10;Session ID: 030173a0-a19f-4adc-8785-819c6905a89f" type="org.openqa.selenium.InvalidArgumentException">org.openqa.selenium.InvalidArgumentException: Expected [object Undefined] undefined to be a string
Build info: version: '3.0.1', revision: '1969d75', time: '2016-10-18 09:49:13 -0700'
System info: host: 'Egy-MMahran-NB', ip: '192.168.1.10', os.name: 'Windows 7', os.arch: 'amd64', os.version: '6.1', java.version: '1.8.0_72'
Driver info: org.openqa.selenium.firefox.FirefoxDriver
Capabilities [{moz:profile=C:\Users\MMahran\AppData\Local\Temp\rust_mozprofile.wivKxHIxnPLt, rotatable=false, timeouts={implicit=0, pageLoad=300000, script=30000}, pageLoadStrategy=normal, platform=ANY, specificationLevel=0, moz:accessibilityChecks=false, acceptInsecureCerts=false, browserVersion=53.0, platformVersion=6.1, moz:processID=7684, browserName=firefox, platformName=windows_nt}]
Session ID: 030173a0-a19f-4adc-8785-819c6905a89f
	at sun.reflect.NativeConstructorAccessorImpl.newInstance0(Native Method)
	at sun.reflect.NativeConstructorAccessorImpl.newInstance(NativeConstructorAccessorImpl.java:62)
	at sun.reflect.DelegatingConstructorAccessorImpl.newInstance(DelegatingConstructorAccessorImpl.java:45)
	at java.lang.reflect.Constructor.newInstance(Constructor.java:423)
	at org.openqa.selenium.remote.http.W3CHttpResponseCodec.createException(W3CHttpResponseCodec.java:127)
	at org.openqa.selenium.remote.http.W3CHttpResponseCodec.decode(W3CHttpResponseCodec.java:93)
	at org.openqa.selenium.remote.http.W3CHttpResponseCodec.decode(W3CHttpResponseCodec.java:42)
	at org.openqa.selenium.remote.HttpCommandExecutor.execute(HttpCommandExecutor.java:163)
	at org.openqa.selenium.remote.service.DriverCommandExecutor.execute(DriverCommandExecutor.java:82)
	at org.openqa.selenium.remote.RemoteWebDriver.execute(RemoteWebDriver.java:601)
	at org.openqa.selenium.remote.RemoteWebElement.execute(RemoteWebElement.java:274)
	at org.openqa.selenium.remote.RemoteWebElement.sendKeys(RemoteWebElement.java:98)
	at sun.reflect.GeneratedMethodAccessor9.invoke(Unknown Source)
	at sun.reflect.DelegatingMethodAccessorImpl.invoke(DelegatingMethodAccessorImpl.java:43)
	at java.lang.reflect.Method.invoke(Method.java:498)
	at org.openqa.selenium.support.pagefactory.internal.LocatingElementHandler.invoke(LocatingElementHandler.java:51)
	at com.sun.proxy.$Proxy16.sendKeys(Unknown Source)
	at com.pages.bdd.LoginPage.login(LoginPage.java:48)
	at com.steps.bdd.LoginStep.customer_enters_and(LoginStep.java:34)
	at ✽.And Customer enters "mohamed_sabry007@yahoo.com" and "123@Mta.com"(LoginTestSpec.feature:20)
</error>
    <system-out><![CDATA[
  Background:                      &amp#27;[90m# LoginTestSpec.feature:4&amp#27;[0m
    &amp#27;[32mGiven &amp#27;[0m&amp#27;[32mCustomer is on Home Page&amp#27;[0m &amp#27;[90m# BaseClass.user_is_on_Home_Page()&amp#27;[0m
    &amp#27;[32mAnd &amp#27;[0m&amp#27;[32mCustomer Press SignIn Link&amp#27;[0m &amp#27;[90m# LoginStep.customer_Press_SignIn_Link()&amp#27;[0m
]]></system-out>
    <system-err><![CDATA[JavaScript warning: https://www.compressionwellness.com/js/productupdates/configurable.js, line 221: unreachable code after return statement
]]></system-err>
  </testcase>
  <testcase name="| mohamed_sabry007@yahoo.com | 123@Mta.com |" classname="| mohamed_sabry007@yahoo.com | 123@Mta.com |" time="0.036">
    <error message="Expected [object Undefined] undefined to be a string&#10;Build info: version: &apos;3.0.1&apos;, revision: &apos;1969d75&apos;, time: &apos;2016-10-18 09:49:13 -0700&apos;&#10;System info: host: &apos;Egy-MMahran-NB&apos;, ip: &apos;192.168.1.10&apos;, os.name: &apos;Windows 7&apos;, os.arch: &apos;amd64&apos;, os.version: &apos;6.1&apos;, java.version: &apos;1.8.0_72&apos;&#10;Driver info: org.openqa.selenium.firefox.FirefoxDriver&#10;Capabilities [{moz:profile=C:\Users\MMahran\AppData\Local\Temp\rust_mozprofile.wivKxHIxnPLt, rotatable=false, timeouts={implicit=0, pageLoad=300000, script=30000}, pageLoadStrategy=normal, platform=ANY, specificationLevel=0, moz:accessibilityChecks=false, acceptInsecureCerts=false, browserVersion=53.0, platformVersion=6.1, moz:processID=7684, browserName=firefox, platformName=windows_nt}]&#10;Session ID: 030173a0-a19f-4adc-8785-819c6905a89f" type="org.openqa.selenium.InvalidArgumentException">org.openqa.selenium.InvalidArgumentException: Expected [object Undefined] undefined to be a string
Build info: version: '3.0.1', revision: '1969d75', time: '2016-10-18 09:49:13 -0700'
System info: host: 'Egy-MMahran-NB', ip: '192.168.1.10', os.name: 'Windows 7', os.arch: 'amd64', os.version: '6.1', java.version: '1.8.0_72'
Driver info: org.openqa.selenium.firefox.FirefoxDriver
Capabilities [{moz:profile=C:\Users\MMahran\AppData\Local\Temp\rust_mozprofile.wivKxHIxnPLt, rotatable=false, timeouts={implicit=0, pageLoad=300000, script=30000}, pageLoadStrategy=normal, platform=ANY, specificationLevel=0, moz:accessibilityChecks=false, acceptInsecureCerts=false, browserVersion=53.0, platformVersion=6.1, moz:processID=7684, browserName=firefox, platformName=windows_nt}]
Session ID: 030173a0-a19f-4adc-8785-819c6905a89f
	at sun.reflect.NativeConstructorAccessorImpl.newInstance0(Native Method)
	at sun.reflect.NativeConstructorAccessorImpl.newInstance(NativeConstructorAccessorImpl.java:62)
	at sun.reflect.DelegatingConstructorAccessorImpl.newInstance(DelegatingConstructorAccessorImpl.java:45)
	at java.lang.reflect.Constructor.newInstance(Constructor.java:423)
	at org.openqa.selenium.remote.http.W3CHttpResponseCodec.createException(W3CHttpResponseCodec.java:127)
	at org.openqa.selenium.remote.http.W3CHttpResponseCodec.decode(W3CHttpResponseCodec.java:93)
	at org.openqa.selenium.remote.http.W3CHttpResponseCodec.decode(W3CHttpResponseCodec.java:42)
	at org.openqa.selenium.remote.HttpCommandExecutor.execute(HttpCommandExecutor.java:163)
	at org.openqa.selenium.remote.service.DriverCommandExecutor.execute(DriverCommandExecutor.java:82)
	at org.openqa.selenium.remote.RemoteWebDriver.execute(RemoteWebDriver.java:601)
	at org.openqa.selenium.remote.RemoteWebElement.execute(RemoteWebElement.java:274)
	at org.openqa.selenium.remote.RemoteWebElement.sendKeys(RemoteWebElement.java:98)
	at sun.reflect.GeneratedMethodAccessor9.invoke(Unknown Source)
	at sun.reflect.DelegatingMethodAccessorImpl.invoke(DelegatingMethodAccessorImpl.java:43)
	at java.lang.reflect.Method.invoke(Method.java:498)
	at org.openqa.selenium.support.pagefactory.internal.LocatingElementHandler.invoke(LocatingElementHandler.java:51)
	at com.sun.proxy.$Proxy16.sendKeys(Unknown Source)
	at com.pages.bdd.LoginPage.login(LoginPage.java:48)
	at com.steps.bdd.LoginStep.customer_enters_and(LoginStep.java:34)
	at ✽.And Customer enters "mohamed_sabry007@yahoo.com" and "123@Mta.com"(LoginTestSpec.feature:20)
</error>
  </testcase>
  <testcase name="Then Press SignIn" classname="| mohamed_sabry007@yahoo.com | 123@Mta.com |" time="0">
    <skipped/>
  </testcase>
  <testcase name="Then ErrorMessage has been displayed" classname="| mohamed_sabry007@yahoo.com | 123@Mta.com |" time="0">
    <skipped/>
  </testcase>
</testsuite>