<!DOCTYPE html PUBLIC "-//W3C//DTD XHTML 1.1//EN" "http://www.w3.org/TR/xhtml11/DTD/xhtml11.dtd">
<html xmlns="http://www.w3.org/1999/xhtml"><head><title>TestNG Report</title><style type="text/css">table {margin-bottom:10px;border-collapse:collapse;empty-cells:show}th,td {border:1px solid #009;padding:.25em .5em}th {vertical-align:bottom}td {vertical-align:top}table a {font-weight:bold}.stripe td {background-color: #E6EBF9}.num {text-align:right}.passedodd td {background-color: #3F3}.passedeven td {background-color: #0A0}.skippedodd td {background-color: #DDD}.skippedeven td {background-color: #CCC}.failedodd td,.attn {background-color: #F33}.failedeven td,.stripe .attn {background-color: #D00}.stacktrace {white-space:pre;font-family:monospace}.totop {font-size:85%;text-align:center;border-bottom:2px solid #000}</style></head><body><table><tr><th>Test</th><th># Passed</th><th># Skipped</th><th># Failed</th><th>Time (ms)</th><th>Included Groups</th><th>Excluded Groups</th></tr><tr><th colspan="7">Suite</th></tr><tr><td><a href="#t0">First Register</a></td><td class="num">0</td><td class="num attn">1</td><td class="num">0</td><td class="num">2,974</td><td></td><td></td></tr><tr class="stripe"><td><a href="#t1">Second Register</a></td><td class="num">0</td><td class="num attn">1</td><td class="num">0</td><td class="num">1,285</td><td></td><td></td></tr><tr><th>Total</th><th class="num">0</th><th class="num attn">2</th><th class="num">0</th><th class="num">4,259</th><th colspan="2"></th></tr></table><table><thead><tr><th>Class</th><th>Method</th><th>Start</th><th>Time (ms)</th></tr></thead><tbody><tr><th colspan="4">Suite</th></tr></tbody><tbody id="t0"><tr><th colspan="4">First Register &#8212; failed (configuration methods)</th></tr><tr class="failedeven"><td rowspan="1">com.Tests.RegisterTests</td><td><a href="#m0">setUp</a></td><td rowspan="1">1477761767602</td><td rowspan="1">0</td></tr><tr><th colspan="4">First Register &#8212; skipped (configuration methods)</th></tr><tr class="skippedeven"><td rowspan="1">com.Tests.RegisterTests</td><td><a href="#m1">tearDown</a></td><td rowspan="1">1477761770510</td><td rowspan="1">0</td></tr><tr><th colspan="4">First Register &#8212; skipped</th></tr><tr class="skippedeven"><td rowspan="1">com.Tests.RegisterTests</td><td><a href="#m2">test</a></td><td rowspan="1">1477761770507</td><td rowspan="1">1</td></tr></tbody><tbody id="t1"><tr><th colspan="4">Second Register &#8212; failed (configuration methods)</th></tr><tr class="failedeven"><td rowspan="1">com.Tests.RegisterTests</td><td><a href="#m3">setUp</a></td><td rowspan="1">1477761770569</td><td rowspan="1">0</td></tr><tr><th colspan="4">Second Register &#8212; skipped (configuration methods)</th></tr><tr class="skippedeven"><td rowspan="1">com.Tests.RegisterTests</td><td><a href="#m4">tearDown</a></td><td rowspan="1">1477761771852</td><td rowspan="1">0</td></tr><tr><th colspan="4">Second Register &#8212; skipped</th></tr><tr class="skippedeven"><td rowspan="1">com.Tests.RegisterTests</td><td><a href="#m5">test</a></td><td rowspan="1">1477761771850</td><td rowspan="1">1</td></tr></tbody></table><h2>First Register</h2><h3 id="m0">com.Tests.RegisterTests#setUp</h3><table class="result"><tr><th>Exception</th></tr><tr><td><div class="stacktrace">org.openqa.selenium.NoSuchSessionException: no such session
  (Driver info: chromedriver=2.21.371459 (36d3d07f660ff2bc1bf28a75d1cdabed0983e7c4),platform=Windows NT 6.1 SP1 x86_64) (WARNING: The server did not provide any stacktrace information)
Command duration or timeout: 27 milliseconds
Build info: version: &apos;3.0.1&apos;, revision: &apos;1969d75&apos;, time: &apos;2016-10-18 09:49:13 -0700&apos;
System info: host: &apos;Egy-MMahran-NB&apos;, ip: &apos;192.168.1.4&apos;, os.name: &apos;Windows 7&apos;, os.arch: &apos;amd64&apos;, os.version: &apos;6.1&apos;, java.version: &apos;1.8.0_72&apos;
Driver info: org.openqa.selenium.chrome.ChromeDriver
Capabilities [{message=session not created exception
from unknown error: Runtime.executionContextCreated has invalid &apos;context&apos;: {&quot;auxData&quot;:{&quot;frameId&quot;:&quot;3732.1&quot;,&quot;isDefault&quot;:true},&quot;id&quot;:1,&quot;name&quot;:&quot;&quot;,&quot;origin&quot;:&quot;://&quot;}
  (Session info: chrome=54.0.2840.71)
  (Driver info: chromedriver=2.21.371459 (36d3d07f660ff2bc1bf28a75d1cdabed0983e7c4),platform=Windows NT 6.1 SP1 x86_64), platform=ANY}]
Session ID: 84cb5bae5429e246d029c664e5e78275
	at org.openqa.selenium.remote.ErrorHandler.createThrowable(ErrorHandler.java:216)
	at org.openqa.selenium.remote.ErrorHandler.throwIfResponseFailed(ErrorHandler.java:168)
	at org.openqa.selenium.remote.RemoteWebDriver.execute(RemoteWebDriver.java:635)
	at org.openqa.selenium.remote.RemoteWebDriver.execute(RemoteWebDriver.java:658)
	at org.openqa.selenium.remote.RemoteWebDriver$RemoteWebDriverOptions$RemoteWindow.maximize(RemoteWebDriver.java:882)
	at com.utility.bdd.browser.Startbrowser(browser.java:55)
	at com.utility.bdd.TestBase.setUp(TestBase.java:42)
... Removed 30 stack frames</div></td></tr></table><p class="totop"><a href="#summary">back to summary</a></p><h3 id="m1">com.Tests.RegisterTests#tearDown</h3><table class="result"></table><p class="totop"><a href="#summary">back to summary</a></p><h3 id="m2">com.Tests.RegisterTests#test</h3><table class="result"><tr class="param"><th>Parameter #1</th><th>Parameter #2</th><th>Parameter #3</th><th>Parameter #4</th></tr><tr class="param stripe"><td>mohamed</td><td>mahran</td><td>mohamed_sabry007@yahoo.com</td><td>mazagat_007</td></tr></table><p class="totop"><a href="#summary">back to summary</a></p><h2>Second Register</h2><h3 id="m3">com.Tests.RegisterTests#setUp</h3><table class="result"><tr><th>Exception</th></tr><tr><td><div class="stacktrace">org.openqa.selenium.NoSuchSessionException: no such session
  (Driver info: chromedriver=2.21.371459 (36d3d07f660ff2bc1bf28a75d1cdabed0983e7c4),platform=Windows NT 6.1 SP1 x86_64) (WARNING: The server did not provide any stacktrace information)
Command duration or timeout: 45 milliseconds
Build info: version: &apos;3.0.1&apos;, revision: &apos;1969d75&apos;, time: &apos;2016-10-18 09:49:13 -0700&apos;
System info: host: &apos;Egy-MMahran-NB&apos;, ip: &apos;192.168.1.4&apos;, os.name: &apos;Windows 7&apos;, os.arch: &apos;amd64&apos;, os.version: &apos;6.1&apos;, java.version: &apos;1.8.0_72&apos;
Driver info: org.openqa.selenium.chrome.ChromeDriver
Capabilities [{message=session not created exception
from unknown error: Runtime.executionContextCreated has invalid &apos;context&apos;: {&quot;auxData&quot;:{&quot;frameId&quot;:&quot;3524.1&quot;,&quot;isDefault&quot;:true},&quot;id&quot;:1,&quot;name&quot;:&quot;&quot;,&quot;origin&quot;:&quot;://&quot;}
  (Session info: chrome=54.0.2840.71)
  (Driver info: chromedriver=2.21.371459 (36d3d07f660ff2bc1bf28a75d1cdabed0983e7c4),platform=Windows NT 6.1 SP1 x86_64), platform=ANY}]
Session ID: bff8a614eef4ff3359dc0e379b117d84
	at org.openqa.selenium.remote.ErrorHandler.createThrowable(ErrorHandler.java:216)
	at org.openqa.selenium.remote.ErrorHandler.throwIfResponseFailed(ErrorHandler.java:168)
	at org.openqa.selenium.remote.RemoteWebDriver.execute(RemoteWebDriver.java:635)
	at org.openqa.selenium.remote.RemoteWebDriver.execute(RemoteWebDriver.java:658)
	at org.openqa.selenium.remote.RemoteWebDriver$RemoteWebDriverOptions$RemoteWindow.maximize(RemoteWebDriver.java:882)
	at com.utility.bdd.browser.Startbrowser(browser.java:55)
	at com.utility.bdd.TestBase.setUp(TestBase.java:42)
... Removed 30 stack frames</div></td></tr></table><p class="totop"><a href="#summary">back to summary</a></p><h3 id="m4">com.Tests.RegisterTests#tearDown</h3><table class="result"></table><p class="totop"><a href="#summary">back to summary</a></p><h3 id="m5">com.Tests.RegisterTests#test</h3><table class="result"><tr class="param"><th>Parameter #1</th><th>Parameter #2</th><th>Parameter #3</th><th>Parameter #4</th></tr><tr class="param stripe"><td>Ahmed</td><td>mahran</td><td>mohamed_sabry007@yahoo.com</td><td>mazagat_008</td></tr></table><p class="totop"><a href="#summary">back to summary</a></p></body></html>